2023-04-30 10:57:08,369{GMT}	INFO	[jepsen test runner] jepsen.core: Command line:
lein run test -w echo --bin ./maelstrom-echo --node-count 1 --time-limit 10
2023-04-30 10:57:08,444{GMT}	INFO	[jepsen test runner] jepsen.core: Running test:
{:args []
 :remote
 #jepsen.control.retry.Remote{:remote #jepsen.control.scp.Remote{:cmd-remote #jepsen.control.sshj.SSHJRemote{:concurrency-limit 6,
                                                                                                             :conn-spec nil,
                                                                                                             :client nil,
                                                                                                             :semaphore nil},
                                                                 :conn-spec nil},
                              :conn nil}
 :log-net-send false
 :node-count 1
 :availability nil
 :max-txn-length 4
 :concurrency 1
 :db
 #object[maelstrom.db$db$reify__16142
         "0x2a2f7a61"
         "maelstrom.db$db$reify__16142@2a2f7a61"]
 :max-writes-per-key 16
 :leave-db-running? false
 :name "echo"
 :logging-json? false
 :start-time
 #object[org.joda.time.DateTime "0x61d1315b" "2023-04-30T10:57:08.334-04:00"]
 :nemesis-interval 10
 :net
 #object[maelstrom.net$jepsen_net$reify__15251
         "0x49d5b651"
         "maelstrom.net$jepsen_net$reify__15251@49d5b651"]
 :client
 #object[maelstrom.workload.echo$client$reify__16863
         "0x34989ceb"
         "maelstrom.workload.echo$client$reify__16863@34989ceb"]
 :barrier
 #object[java.util.concurrent.CyclicBarrier
         "0x61fb3dae"
         "java.util.concurrent.CyclicBarrier@61fb3dae"]
 :log-stderr false
 :pure-generators true
 :ssh {:dummy? true}
 :rate 5
 :checker
 #object[jepsen.checker$compose$reify__11881
         "0x9c88323"
         "jepsen.checker$compose$reify__11881@9c88323"]
 :argv
 ("test"
  "-w"
  "echo"
  "--bin"
  "./maelstrom-echo"
  "--node-count"
  "1"
  "--time-limit"
  "10")
 :nemesis
 (jepsen.nemesis.ReflCompose
  {:fm {:start-partition 0,
        :stop-partition 0,
        :kill 1,
        :start 1,
        :pause 1,
        :resume 1},
   :nemeses [#unprintable "jepsen.nemesis.combined$partition_nemesis$reify__16416@6d4bdb75"
             #unprintable "jepsen.nemesis.combined$db_nemesis$reify__16397@1dc47df3"]})
 :nodes ["n0"]
 :test-count 1
 :latency {:mean 0, :dist :constant}
 :bin "./maelstrom-echo"
 :generator
 (jepsen.generator.TimeLimit
  {:limit 10000000000,
   :cutoff nil,
   :gen (jepsen.generator.Any
         {:gens [(jepsen.generator.OnThreads
                  {:f #{:nemesis},
                   :context-filter #object[jepsen.generator.context$make_thread_filter$lazy_filter__9167
                                           "0x5d41b929"
                                           "jepsen.generator.context$make_thread_filter$lazy_filter__9167@5d41b929"],
                   :gen nil})
                 (jepsen.generator.OnThreads
                  {:f #jepsen.generator.context.AllBut{:element :nemesis},
                   :context-filter #object[jepsen.generator.context$make_thread_filter$lazy_filter__9167
                                           "0x6dd0e2f4"
                                           "jepsen.generator.context$make_thread_filter$lazy_filter__9167@6dd0e2f4"],
                   :gen (jepsen.generator.Stagger
                         {:dt 400000000,
                          :next-time nil,
                          :gen (jepsen.generator.EachThread
                                {:fresh-gen #object[maelstrom.workload.echo$workload$fn__16882
                                                    "0x333813e7"
                                                    "maelstrom.workload.echo$workload$fn__16882@333813e7"],
                                 :context-filters #object[clojure.core$promise$reify__8591
                                                          "0x292237cd"
                                                          {:status :pending,
                                                           :val nil}],
                                 :gens {}})})})]})})
 :log-net-recv false
 :os
 #object[maelstrom.net$jepsen_os$reify__15254
         "0x797a5b31"
         "maelstrom.net$jepsen_os$reify__15254@797a5b31"]
 :time-limit 10
 :workload :echo
 :consistency-models [:strict-serializable]
 :topology :grid}

2023-04-30 10:57:11,281{GMT}	INFO	[jepsen node n0] maelstrom.net: Starting Maelstrom network
2023-04-30 10:57:11,282{GMT}	INFO	[jepsen test runner] jepsen.db: Tearing down DB
2023-04-30 10:57:11,285{GMT}	INFO	[jepsen test runner] jepsen.db: Setting up DB
2023-04-30 10:57:11,289{GMT}	INFO	[jepsen node n0] maelstrom.service: Starting services: (lin-kv lin-tso lww-kv seq-kv)
2023-04-30 10:57:11,290{GMT}	INFO	[jepsen node n0] maelstrom.db: Setting up n0
2023-04-30 10:57:11,291{GMT}	INFO	[jepsen node n0] maelstrom.process: launching ./maelstrom-echo []
2023-04-30 10:57:11,320{GMT}	INFO	[jepsen test runner] jepsen.core: Relative time begins now
2023-04-30 10:57:11,341{GMT}	INFO	[jepsen worker 0] jepsen.util: 0	:invoke	:echo	"Please echo 114"
2023-04-30 10:57:11,349{GMT}	INFO	[jepsen worker 0] jepsen.util: 0	:ok	:echo	{:echo "Please echo 114", :in_reply_to 1, :msg_id 1, :type "echo_ok"}
2023-04-30 10:57:11,711{GMT}	INFO	[jepsen worker 0] jepsen.util: 0	:invoke	:echo	"Please echo 120"
2023-04-30 10:57:11,713{GMT}	INFO	[jepsen worker 0] jepsen.util: 0	:ok	:echo	{:echo "Please echo 120", :in_reply_to 2, :msg_id 2, :type "echo_ok"}
2023-04-30 10:57:11,857{GMT}	INFO	[jepsen worker 0] jepsen.util: 0	:invoke	:echo	"Please echo 51"
2023-04-30 10:57:11,859{GMT}	INFO	[jepsen worker 0] jepsen.util: 0	:ok	:echo	{:echo "Please echo 51", :in_reply_to 3, :msg_id 3, :type "echo_ok"}
2023-04-30 10:57:11,952{GMT}	INFO	[jepsen worker 0] jepsen.util: 0	:invoke	:echo	"Please echo 114"
2023-04-30 10:57:11,955{GMT}	INFO	[jepsen worker 0] jepsen.util: 0	:ok	:echo	{:echo "Please echo 114", :in_reply_to 4, :msg_id 4, :type "echo_ok"}
2023-04-30 10:57:11,965{GMT}	INFO	[jepsen worker 0] jepsen.util: 0	:invoke	:echo	"Please echo 119"
2023-04-30 10:57:11,967{GMT}	INFO	[jepsen worker 0] jepsen.util: 0	:ok	:echo	{:echo "Please echo 119", :in_reply_to 5, :msg_id 5, :type "echo_ok"}
2023-04-30 10:57:12,351{GMT}	INFO	[jepsen worker 0] jepsen.util: 0	:invoke	:echo	"Please echo 96"
2023-04-30 10:57:12,353{GMT}	INFO	[jepsen worker 0] jepsen.util: 0	:ok	:echo	{:echo "Please echo 96", :in_reply_to 6, :msg_id 6, :type "echo_ok"}
2023-04-30 10:57:12,568{GMT}	INFO	[jepsen worker 0] jepsen.util: 0	:invoke	:echo	"Please echo 64"
2023-04-30 10:57:12,570{GMT}	INFO	[jepsen worker 0] jepsen.util: 0	:ok	:echo	{:echo "Please echo 64", :in_reply_to 7, :msg_id 7, :type "echo_ok"}
2023-04-30 10:57:12,679{GMT}	INFO	[jepsen worker 0] jepsen.util: 0	:invoke	:echo	"Please echo 12"
2023-04-30 10:57:12,682{GMT}	INFO	[jepsen worker 0] jepsen.util: 0	:ok	:echo	{:echo "Please echo 12", :in_reply_to 8, :msg_id 8, :type "echo_ok"}
2023-04-30 10:57:12,889{GMT}	INFO	[jepsen worker 0] jepsen.util: 0	:invoke	:echo	"Please echo 107"
2023-04-30 10:57:12,892{GMT}	INFO	[jepsen worker 0] jepsen.util: 0	:ok	:echo	{:echo "Please echo 107", :in_reply_to 9, :msg_id 9, :type "echo_ok"}
2023-04-30 10:57:13,119{GMT}	INFO	[jepsen worker 0] jepsen.util: 0	:invoke	:echo	"Please echo 17"
2023-04-30 10:57:13,121{GMT}	INFO	[jepsen worker 0] jepsen.util: 0	:ok	:echo	{:echo "Please echo 17", :in_reply_to 10, :msg_id 10, :type "echo_ok"}
2023-04-30 10:57:13,201{GMT}	INFO	[jepsen worker 0] jepsen.util: 0	:invoke	:echo	"Please echo 124"
2023-04-30 10:57:13,204{GMT}	INFO	[jepsen worker 0] jepsen.util: 0	:ok	:echo	{:echo "Please echo 124", :in_reply_to 11, :msg_id 11, :type "echo_ok"}
2023-04-30 10:57:13,348{GMT}	INFO	[jepsen worker 0] jepsen.util: 0	:invoke	:echo	"Please echo 3"
2023-04-30 10:57:13,350{GMT}	INFO	[jepsen worker 0] jepsen.util: 0	:ok	:echo	{:echo "Please echo 3", :in_reply_to 12, :msg_id 12, :type "echo_ok"}
2023-04-30 10:57:13,485{GMT}	INFO	[jepsen worker 0] jepsen.util: 0	:invoke	:echo	"Please echo 70"
2023-04-30 10:57:13,487{GMT}	INFO	[jepsen worker 0] jepsen.util: 0	:ok	:echo	{:echo "Please echo 70", :in_reply_to 13, :msg_id 13, :type "echo_ok"}
2023-04-30 10:57:13,842{GMT}	INFO	[jepsen worker 0] jepsen.util: 0	:invoke	:echo	"Please echo 120"
2023-04-30 10:57:13,844{GMT}	INFO	[jepsen worker 0] jepsen.util: 0	:ok	:echo	{:echo "Please echo 120", :in_reply_to 14, :msg_id 14, :type "echo_ok"}
2023-04-30 10:57:14,028{GMT}	INFO	[jepsen worker 0] jepsen.util: 0	:invoke	:echo	"Please echo 49"
2023-04-30 10:57:14,030{GMT}	INFO	[jepsen worker 0] jepsen.util: 0	:ok	:echo	{:echo "Please echo 49", :in_reply_to 15, :msg_id 15, :type "echo_ok"}
2023-04-30 10:57:14,224{GMT}	INFO	[jepsen worker 0] jepsen.util: 0	:invoke	:echo	"Please echo 109"
2023-04-30 10:57:14,227{GMT}	INFO	[jepsen worker 0] jepsen.util: 0	:ok	:echo	{:echo "Please echo 109", :in_reply_to 16, :msg_id 16, :type "echo_ok"}
2023-04-30 10:57:14,576{GMT}	INFO	[jepsen worker 0] jepsen.util: 0	:invoke	:echo	"Please echo 66"
2023-04-30 10:57:14,578{GMT}	INFO	[jepsen worker 0] jepsen.util: 0	:ok	:echo	{:echo "Please echo 66", :in_reply_to 17, :msg_id 17, :type "echo_ok"}
2023-04-30 10:57:14,709{GMT}	INFO	[jepsen worker 0] jepsen.util: 0	:invoke	:echo	"Please echo 19"
2023-04-30 10:57:14,711{GMT}	INFO	[jepsen worker 0] jepsen.util: 0	:ok	:echo	{:echo "Please echo 19", :in_reply_to 18, :msg_id 18, :type "echo_ok"}
2023-04-30 10:57:14,811{GMT}	INFO	[jepsen worker 0] jepsen.util: 0	:invoke	:echo	"Please echo 121"
2023-04-30 10:57:14,813{GMT}	INFO	[jepsen worker 0] jepsen.util: 0	:ok	:echo	{:echo "Please echo 121", :in_reply_to 19, :msg_id 19, :type "echo_ok"}
2023-04-30 10:57:14,976{GMT}	INFO	[jepsen worker 0] jepsen.util: 0	:invoke	:echo	"Please echo 0"
2023-04-30 10:57:14,978{GMT}	INFO	[jepsen worker 0] jepsen.util: 0	:ok	:echo	{:echo "Please echo 0", :in_reply_to 20, :msg_id 20, :type "echo_ok"}
2023-04-30 10:57:15,247{GMT}	INFO	[jepsen worker 0] jepsen.util: 0	:invoke	:echo	"Please echo 20"
2023-04-30 10:57:15,248{GMT}	INFO	[jepsen worker 0] jepsen.util: 0	:ok	:echo	{:echo "Please echo 20", :in_reply_to 21, :msg_id 21, :type "echo_ok"}
2023-04-30 10:57:15,447{GMT}	INFO	[jepsen worker 0] jepsen.util: 0	:invoke	:echo	"Please echo 18"
2023-04-30 10:57:15,449{GMT}	INFO	[jepsen worker 0] jepsen.util: 0	:ok	:echo	{:echo "Please echo 18", :in_reply_to 22, :msg_id 22, :type "echo_ok"}
2023-04-30 10:57:15,514{GMT}	INFO	[jepsen worker 0] jepsen.util: 0	:invoke	:echo	"Please echo 29"
2023-04-30 10:57:15,516{GMT}	INFO	[jepsen worker 0] jepsen.util: 0	:ok	:echo	{:echo "Please echo 29", :in_reply_to 23, :msg_id 23, :type "echo_ok"}
2023-04-30 10:57:15,555{GMT}	INFO	[jepsen worker 0] jepsen.util: 0	:invoke	:echo	"Please echo 110"
2023-04-30 10:57:15,557{GMT}	INFO	[jepsen worker 0] jepsen.util: 0	:ok	:echo	{:echo "Please echo 110", :in_reply_to 24, :msg_id 24, :type "echo_ok"}
2023-04-30 10:57:15,790{GMT}	INFO	[jepsen worker 0] jepsen.util: 0	:invoke	:echo	"Please echo 58"
2023-04-30 10:57:15,792{GMT}	INFO	[jepsen worker 0] jepsen.util: 0	:ok	:echo	{:echo "Please echo 58", :in_reply_to 25, :msg_id 25, :type "echo_ok"}
2023-04-30 10:57:16,105{GMT}	INFO	[jepsen worker 0] jepsen.util: 0	:invoke	:echo	"Please echo 22"
2023-04-30 10:57:16,107{GMT}	INFO	[jepsen worker 0] jepsen.util: 0	:ok	:echo	{:echo "Please echo 22", :in_reply_to 26, :msg_id 26, :type "echo_ok"}
2023-04-30 10:57:16,242{GMT}	INFO	[jepsen worker 0] jepsen.util: 0	:invoke	:echo	"Please echo 67"
2023-04-30 10:57:16,244{GMT}	INFO	[jepsen worker 0] jepsen.util: 0	:ok	:echo	{:echo "Please echo 67", :in_reply_to 27, :msg_id 27, :type "echo_ok"}
2023-04-30 10:57:16,574{GMT}	INFO	[jepsen worker 0] jepsen.util: 0	:invoke	:echo	"Please echo 119"
2023-04-30 10:57:16,576{GMT}	INFO	[jepsen worker 0] jepsen.util: 0	:ok	:echo	{:echo "Please echo 119", :in_reply_to 28, :msg_id 28, :type "echo_ok"}
2023-04-30 10:57:16,828{GMT}	INFO	[jepsen worker 0] jepsen.util: 0	:invoke	:echo	"Please echo 7"
2023-04-30 10:57:16,830{GMT}	INFO	[jepsen worker 0] jepsen.util: 0	:ok	:echo	{:echo "Please echo 7", :in_reply_to 29, :msg_id 29, :type "echo_ok"}
2023-04-30 10:57:16,963{GMT}	INFO	[jepsen worker 0] jepsen.util: 0	:invoke	:echo	"Please echo 114"
2023-04-30 10:57:16,965{GMT}	INFO	[jepsen worker 0] jepsen.util: 0	:ok	:echo	{:echo "Please echo 114", :in_reply_to 30, :msg_id 30, :type "echo_ok"}
2023-04-30 10:57:17,256{GMT}	INFO	[jepsen worker 0] jepsen.util: 0	:invoke	:echo	"Please echo 86"
2023-04-30 10:57:17,258{GMT}	INFO	[jepsen worker 0] jepsen.util: 0	:ok	:echo	{:echo "Please echo 86", :in_reply_to 31, :msg_id 31, :type "echo_ok"}
2023-04-30 10:57:17,513{GMT}	INFO	[jepsen worker 0] jepsen.util: 0	:invoke	:echo	"Please echo 22"
2023-04-30 10:57:17,516{GMT}	INFO	[jepsen worker 0] jepsen.util: 0	:ok	:echo	{:echo "Please echo 22", :in_reply_to 32, :msg_id 32, :type "echo_ok"}
2023-04-30 10:57:17,899{GMT}	INFO	[jepsen worker 0] jepsen.util: 0	:invoke	:echo	"Please echo 14"
2023-04-30 10:57:17,900{GMT}	INFO	[jepsen worker 0] jepsen.util: 0	:ok	:echo	{:echo "Please echo 14", :in_reply_to 33, :msg_id 33, :type "echo_ok"}
2023-04-30 10:57:18,098{GMT}	INFO	[jepsen worker 0] jepsen.util: 0	:invoke	:echo	"Please echo 48"
2023-04-30 10:57:18,100{GMT}	INFO	[jepsen worker 0] jepsen.util: 0	:ok	:echo	{:echo "Please echo 48", :in_reply_to 34, :msg_id 34, :type "echo_ok"}
2023-04-30 10:57:18,389{GMT}	INFO	[jepsen worker 0] jepsen.util: 0	:invoke	:echo	"Please echo 60"
2023-04-30 10:57:18,391{GMT}	INFO	[jepsen worker 0] jepsen.util: 0	:ok	:echo	{:echo "Please echo 60", :in_reply_to 35, :msg_id 35, :type "echo_ok"}
2023-04-30 10:57:18,658{GMT}	INFO	[jepsen worker 0] jepsen.util: 0	:invoke	:echo	"Please echo 30"
2023-04-30 10:57:18,660{GMT}	INFO	[jepsen worker 0] jepsen.util: 0	:ok	:echo	{:echo "Please echo 30", :in_reply_to 36, :msg_id 36, :type "echo_ok"}
2023-04-30 10:57:18,724{GMT}	INFO	[jepsen worker 0] jepsen.util: 0	:invoke	:echo	"Please echo 96"
2023-04-30 10:57:18,725{GMT}	INFO	[jepsen worker 0] jepsen.util: 0	:ok	:echo	{:echo "Please echo 96", :in_reply_to 37, :msg_id 37, :type "echo_ok"}
2023-04-30 10:57:19,102{GMT}	INFO	[jepsen worker 0] jepsen.util: 0	:invoke	:echo	"Please echo 127"
2023-04-30 10:57:19,104{GMT}	INFO	[jepsen worker 0] jepsen.util: 0	:ok	:echo	{:echo "Please echo 127", :in_reply_to 38, :msg_id 38, :type "echo_ok"}
2023-04-30 10:57:19,207{GMT}	INFO	[jepsen worker 0] jepsen.util: 0	:invoke	:echo	"Please echo 102"
2023-04-30 10:57:19,208{GMT}	INFO	[jepsen worker 0] jepsen.util: 0	:ok	:echo	{:echo "Please echo 102", :in_reply_to 39, :msg_id 39, :type "echo_ok"}
2023-04-30 10:57:19,391{GMT}	INFO	[jepsen worker 0] jepsen.util: 0	:invoke	:echo	"Please echo 116"
2023-04-30 10:57:19,392{GMT}	INFO	[jepsen worker 0] jepsen.util: 0	:ok	:echo	{:echo "Please echo 116", :in_reply_to 40, :msg_id 40, :type "echo_ok"}
2023-04-30 10:57:19,770{GMT}	INFO	[jepsen worker 0] jepsen.util: 0	:invoke	:echo	"Please echo 115"
2023-04-30 10:57:19,771{GMT}	INFO	[jepsen worker 0] jepsen.util: 0	:ok	:echo	{:echo "Please echo 115", :in_reply_to 41, :msg_id 41, :type "echo_ok"}
2023-04-30 10:57:19,820{GMT}	INFO	[jepsen worker 0] jepsen.util: 0	:invoke	:echo	"Please echo 113"
2023-04-30 10:57:19,822{GMT}	INFO	[jepsen worker 0] jepsen.util: 0	:ok	:echo	{:echo "Please echo 113", :in_reply_to 42, :msg_id 42, :type "echo_ok"}
2023-04-30 10:57:20,063{GMT}	INFO	[jepsen worker 0] jepsen.util: 0	:invoke	:echo	"Please echo 34"
2023-04-30 10:57:20,065{GMT}	INFO	[jepsen worker 0] jepsen.util: 0	:ok	:echo	{:echo "Please echo 34", :in_reply_to 43, :msg_id 43, :type "echo_ok"}
2023-04-30 10:57:20,452{GMT}	INFO	[jepsen worker 0] jepsen.util: 0	:invoke	:echo	"Please echo 117"
2023-04-30 10:57:20,454{GMT}	INFO	[jepsen worker 0] jepsen.util: 0	:ok	:echo	{:echo "Please echo 117", :in_reply_to 44, :msg_id 44, :type "echo_ok"}
2023-04-30 10:57:20,774{GMT}	INFO	[jepsen worker 0] jepsen.util: 0	:invoke	:echo	"Please echo 103"
2023-04-30 10:57:20,776{GMT}	INFO	[jepsen worker 0] jepsen.util: 0	:ok	:echo	{:echo "Please echo 103", :in_reply_to 45, :msg_id 45, :type "echo_ok"}
2023-04-30 10:57:21,042{GMT}	INFO	[jepsen worker 0] jepsen.util: 0	:invoke	:echo	"Please echo 11"
2023-04-30 10:57:21,044{GMT}	INFO	[jepsen worker 0] jepsen.util: 0	:ok	:echo	{:echo "Please echo 11", :in_reply_to 46, :msg_id 46, :type "echo_ok"}
2023-04-30 10:57:21,268{GMT}	INFO	[jepsen worker 0] jepsen.util: 0	:invoke	:echo	"Please echo 127"
2023-04-30 10:57:21,270{GMT}	INFO	[jepsen worker 0] jepsen.util: 0	:ok	:echo	{:echo "Please echo 127", :in_reply_to 47, :msg_id 47, :type "echo_ok"}
2023-04-30 10:57:21,308{GMT}	INFO	[jepsen test runner] jepsen.core: Run complete, writing
2023-04-30 10:57:21,371{GMT}	INFO	[jepsen node n0] maelstrom.db: Tearing down n0
2023-04-30 10:57:22,326{GMT}	INFO	[jepsen node n0] maelstrom.net: Shutting down Maelstrom network
2023-04-30 10:57:22,327{GMT}	INFO	[jepsen test runner] jepsen.core: Analyzing...
2023-04-30 10:57:22,910{GMT}	INFO	[jepsen test runner] jepsen.core: Analysis complete
2023-04-30 10:57:22,920{GMT}	INFO	[jepsen results] jepsen.store: Wrote /Users/austinjones/go/src/github.com/ajone239/maelstrom-echo/store/echo/20230430T105708.334-0400/results.edn
2023-04-30 10:57:23,019{GMT}	INFO	[jepsen test runner] jepsen.core: {:perf {:latency-graph {:valid? true},
        :rate-graph {:valid? true},
        :valid? true},
 :timeline {:valid? true},
 :exceptions {:valid? true},
 :stats {:valid? true,
         :count 47,
         :ok-count 47,
         :fail-count 0,
         :info-count 0,
         :by-f {:echo {:valid? true,
                       :count 47,
                       :ok-count 47,
                       :fail-count 0,
                       :info-count 0}}},
 :availability {:valid? true, :ok-fraction 1.0},
 :net {:all {:send-count 96,
             :recv-count 96,
             :msg-count 96,
             :msgs-per-op 2.0425532},
       :clients {:send-count 96, :recv-count 96, :msg-count 96},
       :servers {:send-count 0,
                 :recv-count 0,
                 :msg-count 0,
                 :msgs-per-op 0.0},
       :valid? true},
 :workload {:valid? true, :errors ()},
 :valid? true}


Everything looks good! ヽ(‘ー`)ノ
