2023-12-20 10:36:16,578{GMT}	INFO	[jepsen test runner] jepsen.core: Command line:
lein run test -w echo --bin ./maelstrom-echo --node-count 1 --time-limit 10
2023-12-20 10:36:16,677{GMT}	INFO	[jepsen test runner] jepsen.core: Running test:
{:args []
 :remote
 #jepsen.control.retry.Remote{:remote #jepsen.control.scp.Remote{:cmd-remote #jepsen.control.sshj.SSHJRemote{:concurrency-limit 6,
                                                                                                             :conn-spec nil,
                                                                                                             :client nil,
                                                                                                             :semaphore nil},
                                                                 :conn-spec nil},
                              :conn nil}
 :log-net-send false
 :node-count 1
 :availability nil
 :max-txn-length 4
 :concurrency 1
 :db
 #object[maelstrom.db$db$reify__16142
         "0x7d3a9061"
         "maelstrom.db$db$reify__16142@7d3a9061"]
 :max-writes-per-key 16
 :leave-db-running? false
 :name "echo"
 :logging-json? false
 :start-time
 #object[org.joda.time.DateTime "0x307ca947" "2023-12-20T10:36:16.544-05:00"]
 :nemesis-interval 10
 :net
 #object[maelstrom.net$jepsen_net$reify__15251
         "0x61d1315b"
         "maelstrom.net$jepsen_net$reify__15251@61d1315b"]
 :client
 #object[maelstrom.workload.echo$client$reify__16863
         "0x49d5b651"
         "maelstrom.workload.echo$client$reify__16863@49d5b651"]
 :barrier
 #object[java.util.concurrent.CyclicBarrier
         "0x34989ceb"
         "java.util.concurrent.CyclicBarrier@34989ceb"]
 :log-stderr false
 :pure-generators true
 :ssh {:dummy? true}
 :rate 5
 :checker
 #object[jepsen.checker$compose$reify__11881
         "0x61fb3dae"
         "jepsen.checker$compose$reify__11881@61fb3dae"]
 :argv
 ("test"
  "-w"
  "echo"
  "--bin"
  "./maelstrom-echo"
  "--node-count"
  "1"
  "--time-limit"
  "10")
 :nemesis
 (jepsen.nemesis.ReflCompose
  {:fm {:start-partition 0,
        :stop-partition 0,
        :kill 1,
        :start 1,
        :pause 1,
        :resume 1},
   :nemeses [#unprintable "jepsen.nemesis.combined$partition_nemesis$reify__16416@9c88323"
             #unprintable "jepsen.nemesis.combined$db_nemesis$reify__16397@6d4bdb75"]})
 :nodes ["n0"]
 :test-count 1
 :latency {:mean 0, :dist :constant}
 :bin "./maelstrom-echo"
 :generator
 (jepsen.generator.TimeLimit
  {:limit 10000000000,
   :cutoff nil,
   :gen (jepsen.generator.Any
         {:gens [(jepsen.generator.OnThreads
                  {:f #{:nemesis},
                   :context-filter #object[jepsen.generator.context$make_thread_filter$lazy_filter__9167
                                           "0x453ca7f"
                                           "jepsen.generator.context$make_thread_filter$lazy_filter__9167@453ca7f"],
                   :gen nil})
                 (jepsen.generator.OnThreads
                  {:f #jepsen.generator.context.AllBut{:element :nemesis},
                   :context-filter #object[jepsen.generator.context$make_thread_filter$lazy_filter__9167
                                           "0x5d41b929"
                                           "jepsen.generator.context$make_thread_filter$lazy_filter__9167@5d41b929"],
                   :gen (jepsen.generator.Stagger
                         {:dt 400000000,
                          :next-time nil,
                          :gen (jepsen.generator.EachThread
                                {:fresh-gen #object[maelstrom.workload.echo$workload$fn__16882
                                                    "0x6dd0e2f4"
                                                    "maelstrom.workload.echo$workload$fn__16882@6dd0e2f4"],
                                 :context-filters #object[clojure.core$promise$reify__8591
                                                          "0x333813e7"
                                                          {:status :pending,
                                                           :val nil}],
                                 :gens {}})})})]})})
 :log-net-recv false
 :os
 #object[maelstrom.net$jepsen_os$reify__15254
         "0x292237cd"
         "maelstrom.net$jepsen_os$reify__15254@292237cd"]
 :time-limit 10
 :workload :echo
 :consistency-models [:strict-serializable]
 :topology :grid}

2023-12-20 10:36:19,517{GMT}	INFO	[jepsen node n0] maelstrom.net: Starting Maelstrom network
2023-12-20 10:36:19,519{GMT}	INFO	[jepsen test runner] jepsen.db: Tearing down DB
2023-12-20 10:36:19,522{GMT}	INFO	[jepsen test runner] jepsen.db: Setting up DB
2023-12-20 10:36:19,526{GMT}	INFO	[jepsen node n0] maelstrom.service: Starting services: (lin-kv lin-tso lww-kv seq-kv)
2023-12-20 10:36:19,528{GMT}	INFO	[jepsen node n0] maelstrom.db: Setting up n0
2023-12-20 10:36:19,529{GMT}	INFO	[jepsen node n0] maelstrom.process: launching ./maelstrom-echo []
2023-12-20 10:36:19,566{GMT}	INFO	[jepsen test runner] jepsen.core: Relative time begins now
2023-12-20 10:36:19,592{GMT}	INFO	[jepsen worker 0] jepsen.util: 0	:invoke	:echo	"Please echo 14"
2023-12-20 10:36:19,603{GMT}	INFO	[jepsen worker 0] jepsen.util: 0	:ok	:echo	{:echo "Please echo 14", :in_reply_to 1, :msg_id 1, :type "echo_ok"}
2023-12-20 10:36:19,875{GMT}	INFO	[jepsen worker 0] jepsen.util: 0	:invoke	:echo	"Please echo 3"
2023-12-20 10:36:19,877{GMT}	INFO	[jepsen worker 0] jepsen.util: 0	:ok	:echo	{:echo "Please echo 3", :in_reply_to 2, :msg_id 2, :type "echo_ok"}
2023-12-20 10:36:20,003{GMT}	INFO	[jepsen worker 0] jepsen.util: 0	:invoke	:echo	"Please echo 66"
2023-12-20 10:36:20,005{GMT}	INFO	[jepsen worker 0] jepsen.util: 0	:ok	:echo	{:echo "Please echo 66", :in_reply_to 3, :msg_id 3, :type "echo_ok"}
2023-12-20 10:36:20,039{GMT}	INFO	[jepsen worker 0] jepsen.util: 0	:invoke	:echo	"Please echo 21"
2023-12-20 10:36:20,041{GMT}	INFO	[jepsen worker 0] jepsen.util: 0	:ok	:echo	{:echo "Please echo 21", :in_reply_to 4, :msg_id 4, :type "echo_ok"}
2023-12-20 10:36:20,246{GMT}	INFO	[jepsen worker 0] jepsen.util: 0	:invoke	:echo	"Please echo 69"
2023-12-20 10:36:20,249{GMT}	INFO	[jepsen worker 0] jepsen.util: 0	:ok	:echo	{:echo "Please echo 69", :in_reply_to 5, :msg_id 5, :type "echo_ok"}
2023-12-20 10:36:20,589{GMT}	INFO	[jepsen worker 0] jepsen.util: 0	:invoke	:echo	"Please echo 107"
2023-12-20 10:36:20,591{GMT}	INFO	[jepsen worker 0] jepsen.util: 0	:ok	:echo	{:echo "Please echo 107", :in_reply_to 6, :msg_id 6, :type "echo_ok"}
2023-12-20 10:36:20,798{GMT}	INFO	[jepsen worker 0] jepsen.util: 0	:invoke	:echo	"Please echo 116"
2023-12-20 10:36:20,800{GMT}	INFO	[jepsen worker 0] jepsen.util: 0	:ok	:echo	{:echo "Please echo 116", :in_reply_to 7, :msg_id 7, :type "echo_ok"}
2023-12-20 10:36:20,985{GMT}	INFO	[jepsen worker 0] jepsen.util: 0	:invoke	:echo	"Please echo 60"
2023-12-20 10:36:20,987{GMT}	INFO	[jepsen worker 0] jepsen.util: 0	:ok	:echo	{:echo "Please echo 60", :in_reply_to 8, :msg_id 8, :type "echo_ok"}
2023-12-20 10:36:21,307{GMT}	INFO	[jepsen worker 0] jepsen.util: 0	:invoke	:echo	"Please echo 83"
2023-12-20 10:36:21,309{GMT}	INFO	[jepsen worker 0] jepsen.util: 0	:ok	:echo	{:echo "Please echo 83", :in_reply_to 9, :msg_id 9, :type "echo_ok"}
2023-12-20 10:36:21,383{GMT}	INFO	[jepsen worker 0] jepsen.util: 0	:invoke	:echo	"Please echo 26"
2023-12-20 10:36:21,386{GMT}	INFO	[jepsen worker 0] jepsen.util: 0	:ok	:echo	{:echo "Please echo 26", :in_reply_to 10, :msg_id 10, :type "echo_ok"}
2023-12-20 10:36:21,484{GMT}	INFO	[jepsen worker 0] jepsen.util: 0	:invoke	:echo	"Please echo 65"
2023-12-20 10:36:21,486{GMT}	INFO	[jepsen worker 0] jepsen.util: 0	:ok	:echo	{:echo "Please echo 65", :in_reply_to 11, :msg_id 11, :type "echo_ok"}
2023-12-20 10:36:21,657{GMT}	INFO	[jepsen worker 0] jepsen.util: 0	:invoke	:echo	"Please echo 122"
2023-12-20 10:36:21,659{GMT}	INFO	[jepsen worker 0] jepsen.util: 0	:ok	:echo	{:echo "Please echo 122", :in_reply_to 12, :msg_id 12, :type "echo_ok"}
2023-12-20 10:36:21,809{GMT}	INFO	[jepsen worker 0] jepsen.util: 0	:invoke	:echo	"Please echo 32"
2023-12-20 10:36:21,811{GMT}	INFO	[jepsen worker 0] jepsen.util: 0	:ok	:echo	{:echo "Please echo 32", :in_reply_to 13, :msg_id 13, :type "echo_ok"}
2023-12-20 10:36:22,193{GMT}	INFO	[jepsen worker 0] jepsen.util: 0	:invoke	:echo	"Please echo 69"
2023-12-20 10:36:22,195{GMT}	INFO	[jepsen worker 0] jepsen.util: 0	:ok	:echo	{:echo "Please echo 69", :in_reply_to 14, :msg_id 14, :type "echo_ok"}
2023-12-20 10:36:22,414{GMT}	INFO	[jepsen worker 0] jepsen.util: 0	:invoke	:echo	"Please echo 62"
2023-12-20 10:36:22,416{GMT}	INFO	[jepsen worker 0] jepsen.util: 0	:ok	:echo	{:echo "Please echo 62", :in_reply_to 15, :msg_id 15, :type "echo_ok"}
2023-12-20 10:36:22,610{GMT}	INFO	[jepsen worker 0] jepsen.util: 0	:invoke	:echo	"Please echo 28"
2023-12-20 10:36:22,612{GMT}	INFO	[jepsen worker 0] jepsen.util: 0	:ok	:echo	{:echo "Please echo 28", :in_reply_to 16, :msg_id 16, :type "echo_ok"}
2023-12-20 10:36:22,774{GMT}	INFO	[jepsen worker 0] jepsen.util: 0	:invoke	:echo	"Please echo 85"
2023-12-20 10:36:22,776{GMT}	INFO	[jepsen worker 0] jepsen.util: 0	:ok	:echo	{:echo "Please echo 85", :in_reply_to 17, :msg_id 17, :type "echo_ok"}
2023-12-20 10:36:23,081{GMT}	INFO	[jepsen worker 0] jepsen.util: 0	:invoke	:echo	"Please echo 49"
2023-12-20 10:36:23,084{GMT}	INFO	[jepsen worker 0] jepsen.util: 0	:ok	:echo	{:echo "Please echo 49", :in_reply_to 18, :msg_id 18, :type "echo_ok"}
2023-12-20 10:36:23,217{GMT}	INFO	[jepsen worker 0] jepsen.util: 0	:invoke	:echo	"Please echo 19"
2023-12-20 10:36:23,219{GMT}	INFO	[jepsen worker 0] jepsen.util: 0	:ok	:echo	{:echo "Please echo 19", :in_reply_to 19, :msg_id 19, :type "echo_ok"}
2023-12-20 10:36:23,242{GMT}	INFO	[jepsen worker 0] jepsen.util: 0	:invoke	:echo	"Please echo 90"
2023-12-20 10:36:23,244{GMT}	INFO	[jepsen worker 0] jepsen.util: 0	:ok	:echo	{:echo "Please echo 90", :in_reply_to 20, :msg_id 20, :type "echo_ok"}
2023-12-20 10:36:23,440{GMT}	INFO	[jepsen worker 0] jepsen.util: 0	:invoke	:echo	"Please echo 26"
2023-12-20 10:36:23,443{GMT}	INFO	[jepsen worker 0] jepsen.util: 0	:ok	:echo	{:echo "Please echo 26", :in_reply_to 21, :msg_id 21, :type "echo_ok"}
2023-12-20 10:36:23,715{GMT}	INFO	[jepsen worker 0] jepsen.util: 0	:invoke	:echo	"Please echo 43"
2023-12-20 10:36:23,717{GMT}	INFO	[jepsen worker 0] jepsen.util: 0	:ok	:echo	{:echo "Please echo 43", :in_reply_to 22, :msg_id 22, :type "echo_ok"}
2023-12-20 10:36:23,859{GMT}	INFO	[jepsen worker 0] jepsen.util: 0	:invoke	:echo	"Please echo 6"
2023-12-20 10:36:23,861{GMT}	INFO	[jepsen worker 0] jepsen.util: 0	:ok	:echo	{:echo "Please echo 6", :in_reply_to 23, :msg_id 23, :type "echo_ok"}
2023-12-20 10:36:24,052{GMT}	INFO	[jepsen worker 0] jepsen.util: 0	:invoke	:echo	"Please echo 74"
2023-12-20 10:36:24,054{GMT}	INFO	[jepsen worker 0] jepsen.util: 0	:ok	:echo	{:echo "Please echo 74", :in_reply_to 24, :msg_id 24, :type "echo_ok"}
2023-12-20 10:36:24,434{GMT}	INFO	[jepsen worker 0] jepsen.util: 0	:invoke	:echo	"Please echo 112"
2023-12-20 10:36:24,436{GMT}	INFO	[jepsen worker 0] jepsen.util: 0	:ok	:echo	{:echo "Please echo 112", :in_reply_to 25, :msg_id 25, :type "echo_ok"}
2023-12-20 10:36:24,690{GMT}	INFO	[jepsen worker 0] jepsen.util: 0	:invoke	:echo	"Please echo 40"
2023-12-20 10:36:24,691{GMT}	INFO	[jepsen worker 0] jepsen.util: 0	:ok	:echo	{:echo "Please echo 40", :in_reply_to 26, :msg_id 26, :type "echo_ok"}
2023-12-20 10:36:25,008{GMT}	INFO	[jepsen worker 0] jepsen.util: 0	:invoke	:echo	"Please echo 14"
2023-12-20 10:36:25,010{GMT}	INFO	[jepsen worker 0] jepsen.util: 0	:ok	:echo	{:echo "Please echo 14", :in_reply_to 27, :msg_id 27, :type "echo_ok"}
2023-12-20 10:36:25,206{GMT}	INFO	[jepsen worker 0] jepsen.util: 0	:invoke	:echo	"Please echo 50"
2023-12-20 10:36:25,208{GMT}	INFO	[jepsen worker 0] jepsen.util: 0	:ok	:echo	{:echo "Please echo 50", :in_reply_to 28, :msg_id 28, :type "echo_ok"}
2023-12-20 10:36:25,551{GMT}	INFO	[jepsen worker 0] jepsen.util: 0	:invoke	:echo	"Please echo 96"
2023-12-20 10:36:25,553{GMT}	INFO	[jepsen worker 0] jepsen.util: 0	:ok	:echo	{:echo "Please echo 96", :in_reply_to 29, :msg_id 29, :type "echo_ok"}
2023-12-20 10:36:25,574{GMT}	INFO	[jepsen worker 0] jepsen.util: 0	:invoke	:echo	"Please echo 7"
2023-12-20 10:36:25,576{GMT}	INFO	[jepsen worker 0] jepsen.util: 0	:ok	:echo	{:echo "Please echo 7", :in_reply_to 30, :msg_id 30, :type "echo_ok"}
2023-12-20 10:36:25,777{GMT}	INFO	[jepsen worker 0] jepsen.util: 0	:invoke	:echo	"Please echo 126"
2023-12-20 10:36:25,779{GMT}	INFO	[jepsen worker 0] jepsen.util: 0	:ok	:echo	{:echo "Please echo 126", :in_reply_to 31, :msg_id 31, :type "echo_ok"}
2023-12-20 10:36:25,796{GMT}	INFO	[jepsen worker 0] jepsen.util: 0	:invoke	:echo	"Please echo 24"
2023-12-20 10:36:25,798{GMT}	INFO	[jepsen worker 0] jepsen.util: 0	:ok	:echo	{:echo "Please echo 24", :in_reply_to 32, :msg_id 32, :type "echo_ok"}
2023-12-20 10:36:25,964{GMT}	INFO	[jepsen worker 0] jepsen.util: 0	:invoke	:echo	"Please echo 116"
2023-12-20 10:36:25,966{GMT}	INFO	[jepsen worker 0] jepsen.util: 0	:ok	:echo	{:echo "Please echo 116", :in_reply_to 33, :msg_id 33, :type "echo_ok"}
2023-12-20 10:36:26,357{GMT}	INFO	[jepsen worker 0] jepsen.util: 0	:invoke	:echo	"Please echo 7"
2023-12-20 10:36:26,358{GMT}	INFO	[jepsen worker 0] jepsen.util: 0	:ok	:echo	{:echo "Please echo 7", :in_reply_to 34, :msg_id 34, :type "echo_ok"}
2023-12-20 10:36:26,546{GMT}	INFO	[jepsen worker 0] jepsen.util: 0	:invoke	:echo	"Please echo 15"
2023-12-20 10:36:26,548{GMT}	INFO	[jepsen worker 0] jepsen.util: 0	:ok	:echo	{:echo "Please echo 15", :in_reply_to 35, :msg_id 35, :type "echo_ok"}
2023-12-20 10:36:26,607{GMT}	INFO	[jepsen worker 0] jepsen.util: 0	:invoke	:echo	"Please echo 110"
2023-12-20 10:36:26,609{GMT}	INFO	[jepsen worker 0] jepsen.util: 0	:ok	:echo	{:echo "Please echo 110", :in_reply_to 36, :msg_id 36, :type "echo_ok"}
2023-12-20 10:36:26,739{GMT}	INFO	[jepsen worker 0] jepsen.util: 0	:invoke	:echo	"Please echo 2"
2023-12-20 10:36:26,742{GMT}	INFO	[jepsen worker 0] jepsen.util: 0	:ok	:echo	{:echo "Please echo 2", :in_reply_to 37, :msg_id 37, :type "echo_ok"}
2023-12-20 10:36:26,760{GMT}	INFO	[jepsen worker 0] jepsen.util: 0	:invoke	:echo	"Please echo 34"
2023-12-20 10:36:26,762{GMT}	INFO	[jepsen worker 0] jepsen.util: 0	:ok	:echo	{:echo "Please echo 34", :in_reply_to 38, :msg_id 38, :type "echo_ok"}
2023-12-20 10:36:26,810{GMT}	INFO	[jepsen worker 0] jepsen.util: 0	:invoke	:echo	"Please echo 20"
2023-12-20 10:36:26,813{GMT}	INFO	[jepsen worker 0] jepsen.util: 0	:ok	:echo	{:echo "Please echo 20", :in_reply_to 39, :msg_id 39, :type "echo_ok"}
2023-12-20 10:36:27,077{GMT}	INFO	[jepsen worker 0] jepsen.util: 0	:invoke	:echo	"Please echo 79"
2023-12-20 10:36:27,079{GMT}	INFO	[jepsen worker 0] jepsen.util: 0	:ok	:echo	{:echo "Please echo 79", :in_reply_to 40, :msg_id 40, :type "echo_ok"}
2023-12-20 10:36:27,416{GMT}	INFO	[jepsen worker 0] jepsen.util: 0	:invoke	:echo	"Please echo 119"
2023-12-20 10:36:27,417{GMT}	INFO	[jepsen worker 0] jepsen.util: 0	:ok	:echo	{:echo "Please echo 119", :in_reply_to 41, :msg_id 41, :type "echo_ok"}
2023-12-20 10:36:27,465{GMT}	INFO	[jepsen worker 0] jepsen.util: 0	:invoke	:echo	"Please echo 32"
2023-12-20 10:36:27,467{GMT}	INFO	[jepsen worker 0] jepsen.util: 0	:ok	:echo	{:echo "Please echo 32", :in_reply_to 42, :msg_id 42, :type "echo_ok"}
2023-12-20 10:36:27,750{GMT}	INFO	[jepsen worker 0] jepsen.util: 0	:invoke	:echo	"Please echo 105"
2023-12-20 10:36:27,752{GMT}	INFO	[jepsen worker 0] jepsen.util: 0	:ok	:echo	{:echo "Please echo 105", :in_reply_to 43, :msg_id 43, :type "echo_ok"}
2023-12-20 10:36:28,000{GMT}	INFO	[jepsen worker 0] jepsen.util: 0	:invoke	:echo	"Please echo 5"
2023-12-20 10:36:28,002{GMT}	INFO	[jepsen worker 0] jepsen.util: 0	:ok	:echo	{:echo "Please echo 5", :in_reply_to 44, :msg_id 44, :type "echo_ok"}
2023-12-20 10:36:28,279{GMT}	INFO	[jepsen worker 0] jepsen.util: 0	:invoke	:echo	"Please echo 98"
2023-12-20 10:36:28,281{GMT}	INFO	[jepsen worker 0] jepsen.util: 0	:ok	:echo	{:echo "Please echo 98", :in_reply_to 45, :msg_id 45, :type "echo_ok"}
2023-12-20 10:36:28,379{GMT}	INFO	[jepsen worker 0] jepsen.util: 0	:invoke	:echo	"Please echo 89"
2023-12-20 10:36:28,382{GMT}	INFO	[jepsen worker 0] jepsen.util: 0	:ok	:echo	{:echo "Please echo 89", :in_reply_to 46, :msg_id 46, :type "echo_ok"}
2023-12-20 10:36:28,699{GMT}	INFO	[jepsen worker 0] jepsen.util: 0	:invoke	:echo	"Please echo 38"
2023-12-20 10:36:28,701{GMT}	INFO	[jepsen worker 0] jepsen.util: 0	:ok	:echo	{:echo "Please echo 38", :in_reply_to 47, :msg_id 47, :type "echo_ok"}
2023-12-20 10:36:28,854{GMT}	INFO	[jepsen worker 0] jepsen.util: 0	:invoke	:echo	"Please echo 14"
2023-12-20 10:36:28,859{GMT}	INFO	[jepsen worker 0] jepsen.util: 0	:ok	:echo	{:echo "Please echo 14", :in_reply_to 48, :msg_id 48, :type "echo_ok"}
2023-12-20 10:36:29,030{GMT}	INFO	[jepsen worker 0] jepsen.util: 0	:invoke	:echo	"Please echo 66"
2023-12-20 10:36:29,031{GMT}	INFO	[jepsen worker 0] jepsen.util: 0	:ok	:echo	{:echo "Please echo 66", :in_reply_to 49, :msg_id 49, :type "echo_ok"}
2023-12-20 10:36:29,254{GMT}	INFO	[jepsen worker 0] jepsen.util: 0	:invoke	:echo	"Please echo 56"
2023-12-20 10:36:29,256{GMT}	INFO	[jepsen worker 0] jepsen.util: 0	:ok	:echo	{:echo "Please echo 56", :in_reply_to 50, :msg_id 50, :type "echo_ok"}
2023-12-20 10:36:29,426{GMT}	INFO	[jepsen worker 0] jepsen.util: 0	:invoke	:echo	"Please echo 92"
2023-12-20 10:36:29,429{GMT}	INFO	[jepsen worker 0] jepsen.util: 0	:ok	:echo	{:echo "Please echo 92", :in_reply_to 51, :msg_id 51, :type "echo_ok"}
2023-12-20 10:36:29,472{GMT}	INFO	[jepsen test runner] jepsen.core: Run complete, writing
2023-12-20 10:36:29,613{GMT}	INFO	[jepsen node n0] maelstrom.db: Tearing down n0
2023-12-20 10:36:30,545{GMT}	INFO	[jepsen node n0] maelstrom.net: Shutting down Maelstrom network
2023-12-20 10:36:30,547{GMT}	INFO	[jepsen test runner] jepsen.core: Analyzing...
2023-12-20 10:36:33,780{GMT}	INFO	[jepsen test runner] jepsen.core: Analysis complete
2023-12-20 10:36:33,796{GMT}	INFO	[jepsen results] jepsen.store: Wrote /Users/austinjones/go/src/github.com/ajone239/fly_io_challenges/maelstrom-echo/store/echo/20231220T103616.544-0500/results.edn
2023-12-20 10:36:33,907{GMT}	INFO	[jepsen test runner] jepsen.core: {:perf {:latency-graph {:valid? true},
        :rate-graph {:valid? true},
        :valid? true},
 :timeline {:valid? true},
 :exceptions {:valid? true},
 :stats {:valid? true,
         :count 51,
         :ok-count 51,
         :fail-count 0,
         :info-count 0,
         :by-f {:echo {:valid? true,
                       :count 51,
                       :ok-count 51,
                       :fail-count 0,
                       :info-count 0}}},
 :availability {:valid? true, :ok-fraction 1.0},
 :net {:all {:send-count 104,
             :recv-count 104,
             :msg-count 104,
             :msgs-per-op 2.0392158},
       :clients {:send-count 104, :recv-count 104, :msg-count 104},
       :servers {:send-count 0,
                 :recv-count 0,
                 :msg-count 0,
                 :msgs-per-op 0.0},
       :valid? true},
 :workload {:valid? true, :errors ()},
 :valid? true}


Everything looks good! ヽ(‘ー`)ノ
